<?xml version="1.0" encoding="UTF-8"?>
<!-- Generated by org.testng.reporters.JUnitReportReporter -->
<testsuite hostname="Netra" name="com.org.Slp_Project.SLP2016_Driver" tests="1" failures="0" timestamp="24 Apr 2016 17:40:43 GMT" time="96.794" errors="0">
  <testcase name="driverTest" time="96.794" classname="com.org.Slp_Project.SLP2016_Driver"/>
</testsuite> <!-- com.org.Slp_Project.SLP2016_Driver -->
