<?xml version="1.0" encoding="UTF-8"?>
<!-- Generated by org.testng.reporters.JUnitReportReporter -->
<testsuite hostname="Netra" name="com.org.Slp_Project.SLP2016_DriverTest" tests="1" failures="0" timestamp="12 May 2016 14:18:38 GMT" time="31257.930" errors="0">
  <testcase name="driverTest" time="31257.930" classname="com.org.Slp_Project.SLP2016_DriverTest"/>
</testsuite> <!-- com.org.Slp_Project.SLP2016_DriverTest -->
