<?xml version="1.0" encoding="UTF-8"?>
<!-- Generated by org.testng.reporters.JUnitReportReporter -->
<testsuite hostname="Netra" name="com.org.Slp_Project.SLP2016_DriverTest" tests="1" failures="0" timestamp="24 Apr 2016 19:12:03 GMT" time="88.941" errors="0">
  <testcase name="driverTest" time="88.941" classname="com.org.Slp_Project.SLP2016_DriverTest"/>
</testsuite> <!-- com.org.Slp_Project.SLP2016_DriverTest -->
